Copyright 1986-2017 Xilinx, Inc. All Rights Reserved.
-------------------------------------------------------------------------------------------------------------------------------------------
| Tool Version     : Vivado v.2017.4 (win64) Build 2086221 Fri Dec 15 20:55:39 MST 2017
| Date             : Wed Apr 12 21:39:03 2023
| Host             : jaswanthkrishna running 64-bit major release  (build 9200)
| Command          : report_power -file clock24_power_routed.rpt -pb clock24_power_summary_routed.pb -rpx clock24_power_routed.rpx
| Design           : clock24
| Device           : xc7z010clg400-1
| Design State     : routed
| Grade            : commercial
| Process          : typical
| Characterization : Production
-------------------------------------------------------------------------------------------------------------------------------------------

Power Report

Table of Contents
-----------------
1. Summary
1.1 On-Chip Components
1.2 Power Supply Summary
1.3 Confidence Level
2. Settings
2.1 Environment
2.2 Clock Constraints
3. Detailed Reports
3.1 By Hierarchy

1. Summary
----------

+--------------------------+---------------------------------+
| Total On-Chip Power (W)  | 6.935 (Junction temp exceeded!) |
| Design Power Budget (W)  | Unspecified*                    |
| Power Budget Margin (W)  | NA                              |
| Dynamic (W)              | 6.518                           |
| Device Static (W)        | 0.416                           |
| Effective TJA (C/W)      | 11.5                            |
| Max Ambient (C)          | 5.0                             |
| Junction Temperature (C) | 105.0                           |
| Confidence Level         | Low                             |
| Setting File             | ---                             |
| Simulation Activity File | ---                             |
| Design Nets Matched      | NA                              |
+--------------------------+---------------------------------+
* Specify Design Power Budget using, set_operating_conditions -design_power_budget <value in Watts>


1.1 On-Chip Components
----------------------

+----------------+-----------+----------+-----------+-----------------+
| On-Chip        | Power (W) | Used     | Available | Utilization (%) |
+----------------+-----------+----------+-----------+-----------------+
| Slice Logic    |     0.240 |      145 |       --- |             --- |
|   LUT as Logic |     0.223 |       70 |     17600 |            0.40 |
|   Register     |     0.012 |       51 |     35200 |            0.14 |
|   BUFG         |     0.006 |        1 |        32 |            3.13 |
|   Others       |     0.000 |        3 |       --- |             --- |
| Signals        |     0.363 |      149 |       --- |             --- |
| I/O            |     5.916 |       37 |       100 |           37.00 |
| Static Power   |     0.416 |          |           |                 |
| Total          |     6.935 |          |           |                 |
+----------------+-----------+----------+-----------+-----------------+


1.2 Power Supply Summary
------------------------

+-----------+-------------+-----------+-------------+------------+
| Source    | Voltage (V) | Total (A) | Dynamic (A) | Static (A) |
+-----------+-------------+-----------+-------------+------------+
| Vccint    |       1.000 |     0.746 |       0.679 |      0.068 |
| Vccaux    |       1.800 |     0.505 |       0.478 |      0.027 |
| Vcco33    |       3.300 |     0.000 |       0.000 |      0.000 |
| Vcco25    |       2.500 |     0.000 |       0.000 |      0.000 |
| Vcco18    |       1.800 |     2.767 |       2.766 |      0.001 |
| Vcco15    |       1.500 |     0.000 |       0.000 |      0.000 |
| Vcco135   |       1.350 |     0.000 |       0.000 |      0.000 |
| Vcco12    |       1.200 |     0.000 |       0.000 |      0.000 |
| Vccaux_io |       1.800 |     0.000 |       0.000 |      0.000 |
| Vccbram   |       1.000 |     0.005 |       0.000 |      0.005 |
| MGTAVcc   |       1.000 |     0.000 |       0.000 |      0.000 |
| MGTAVtt   |       1.200 |     0.000 |       0.000 |      0.000 |
| MGTVccaux |       1.800 |     0.000 |       0.000 |      0.000 |
| Vccpint   |       1.000 |     0.234 |       0.000 |      0.234 |
| Vccpaux   |       1.800 |     0.010 |       0.000 |      0.010 |
| Vccpll    |       1.800 |     0.003 |       0.000 |      0.003 |
| Vcco_ddr  |       1.500 |     0.000 |       0.000 |      0.000 |
| Vcco_mio0 |       1.800 |     0.000 |       0.000 |      0.000 |
| Vcco_mio1 |       1.800 |     0.000 |       0.000 |      0.000 |
| Vccadc    |       1.800 |     0.020 |       0.000 |      0.020 |
+-----------+-------------+-----------+-------------+------------+


1.3 Confidence Level
--------------------

+-----------------------------+------------+--------------------------------------------------------+--------------------------------------------------------------------------------------------------------------------+
| User Input Data             | Confidence | Details                                                | Action                                                                                                             |
+-----------------------------+------------+--------------------------------------------------------+--------------------------------------------------------------------------------------------------------------------+
| Design implementation state | High       | Design is routed                                       |                                                                                                                    |
| Clock nodes activity        | Low        | User specified less than 75% of clocks                 | Provide missing clock activity with a constraint file, simulation results or by editing the "By Clock Domain" view |
| I/O nodes activity          | Low        | More than 75% of inputs are missing user specification | Provide missing input activity with simulation results or by editing the "By Resource Type -> I/Os" view           |
| Internal nodes activity     | Medium     | User specified less than 25% of internal nodes         | Provide missing internal nodes activity with simulation results or by editing the "By Resource Type" views         |
| Device models               | High       | Device models are Production                           |                                                                                                                    |
|                             |            |                                                        |                                                                                                                    |
| Overall confidence level    | Low        |                                                        |                                                                                                                    |
+-----------------------------+------------+--------------------------------------------------------+--------------------------------------------------------------------------------------------------------------------+


2. Settings
-----------

2.1 Environment
---------------

+-----------------------+------------------------+
| Ambient Temp (C)      | 25.0                   |
| ThetaJA (C/W)         | 11.5                   |
| Airflow (LFM)         | 250                    |
| Heat Sink             | none                   |
| ThetaSA (C/W)         | 0.0                    |
| Board Selection       | medium (10"x10")       |
| # of Board Layers     | 8to11 (8 to 11 Layers) |
| Board Temperature (C) | 25.0                   |
+-----------------------+------------------------+


2.2 Clock Constraints
---------------------

+-------+--------+-----------------+
| Clock | Domain | Constraint (ns) |
+-------+--------+-----------------+


3. Detailed Reports
-------------------

3.1 By Hierarchy
----------------

+---------+-----------+
| Name    | Power (W) |
+---------+-----------+
| clock24 |     6.518 |
+---------+-----------+


